<?xml version="1.0" encoding="UTF-8"?>
<!-- Generated by org.testng.reporters.JUnitXMLReporter -->
<testsuite hostname="LE1481" ignored="3" name="Test" tests="1" failures="0" timestamp="2020-07-04T16:58:46 IST" time="0.03" errors="0">
  <testcase name="test2" time="0.006" classname="Scripts.GroupsTestNG"/>
  <testcase name="test3" time="0.0" classname="Scripts.GroupsTestNG">
    <ignored/>
  </testcase> <!-- test3 -->
  <testcase name="test1" time="0.0" classname="Scripts.GroupsTestNG">
    <ignored/>
  </testcase> <!-- test1 -->
  <testcase name="test4" time="0.0" classname="Scripts.GroupsTestNG">
    <ignored/>
  </testcase> <!-- test4 -->
</testsuite> <!-- Test -->
