<?xml version="1.0" encoding="UTF-8"?>
<testng-results skipped="0" failed="0" ignored="0" total="1" passed="1">
  <reporter-output>
  </reporter-output>
  <suite name="Default suite" duration-ms="3229" started-at="2020-07-07T07:04:35 IST" finished-at="2020-07-07T07:04:38 IST">
    <groups>
    </groups>
    <test name="Default test" duration-ms="3229" started-at="2020-07-07T07:04:35 IST" finished-at="2020-07-07T07:04:38 IST">
      <class name="Scripts.HeadlessChrome">
        <test-method status="PASS" signature="setup()[pri:0, instance:Scripts.HeadlessChrome@4232c52b]" name="setup" is-config="true" duration-ms="976" started-at="2020-07-07T07:04:35 IST" finished-at="2020-07-07T07:04:36 IST">
          <reporter-output>
          </reporter-output>
        </test-method> <!-- setup -->
        <test-method status="PASS" signature="search()[pri:0, instance:Scripts.HeadlessChrome@4232c52b]" name="search" duration-ms="2099" started-at="2020-07-07T07:04:36 IST" finished-at="2020-07-07T07:04:38 IST">
          <reporter-output>
          </reporter-output>
        </test-method> <!-- search -->
        <test-method status="PASS" signature="quit()[pri:0, instance:Scripts.HeadlessChrome@4232c52b]" name="quit" is-config="true" duration-ms="133" started-at="2020-07-07T07:04:38 IST" finished-at="2020-07-07T07:04:38 IST">
          <reporter-output>
          </reporter-output>
        </test-method> <!-- quit -->
      </class> <!-- Scripts.HeadlessChrome -->
    </test> <!-- Default test -->
  </suite> <!-- Default suite -->
</testng-results>
